Using pre-set license
Built from '2021.3/staging' branch; Version is '2021.3.4f1 (cb45f9cae8b7) revision 13321721'; Using compiler version '192829333'; Build Type 'Release'
OS: 'Windows 11  (10.0.22621) 64bit Core' Language: 'en' Physical Memory: 14188 MB
BatchMode: 1, IsHumanControllingUs: 0, StartBugReporterOnCrash: 0, Is64bit: 1, IsPro: 1

COMMAND LINE ARGUMENTS:
C:\Program Files\Unity\Hub\Editor\2021.3.4f1\Editor\Unity.exe
-adb2
-batchMode
-noUpm
-name
AssetImportWorker3
-projectPath
C:/Users/sonth/repos/1-remise-final-enfin/TP3
-logFile
Logs/AssetImportWorker3.log
-srvPort
65324
Successfully changed project path to: C:/Users/sonth/repos/1-remise-final-enfin/TP3
C:/Users/sonth/repos/1-remise-final-enfin/TP3
[UnityMemory] Configuration Parameters - Can be set up in boot.config
    "memorysetup-bucket-allocator-granularity=16"
    "memorysetup-bucket-allocator-bucket-count=8"
    "memorysetup-bucket-allocator-block-size=33554432"
    "memorysetup-bucket-allocator-block-count=8"
    "memorysetup-main-allocator-block-size=16777216"
    "memorysetup-thread-allocator-block-size=16777216"
    "memorysetup-gfx-main-allocator-block-size=16777216"
    "memorysetup-gfx-thread-allocator-block-size=16777216"
    "memorysetup-cache-allocator-block-size=4194304"
    "memorysetup-typetree-allocator-block-size=2097152"
    "memorysetup-profiler-bucket-allocator-granularity=16"
    "memorysetup-profiler-bucket-allocator-bucket-count=8"
    "memorysetup-profiler-bucket-allocator-block-size=33554432"
    "memorysetup-profiler-bucket-allocator-block-count=8"
    "memorysetup-profiler-allocator-block-size=16777216"
    "memorysetup-profiler-editor-allocator-block-size=1048576"
    "memorysetup-temp-allocator-size-main=16777216"
    "memorysetup-job-temp-allocator-block-size=2097152"
    "memorysetup-job-temp-allocator-block-size-background=1048576"
    "memorysetup-job-temp-allocator-reduction-small-platforms=262144"
    "memorysetup-temp-allocator-size-background-worker=32768"
    "memorysetup-temp-allocator-size-job-worker=262144"
    "memorysetup-temp-allocator-size-preload-manager=33554432"
    "memorysetup-temp-allocator-size-nav-mesh-worker=65536"
    "memorysetup-temp-allocator-size-audio-worker=65536"
    "memorysetup-temp-allocator-size-cloud-worker=32768"
    "memorysetup-temp-allocator-size-gi-baking-worker=262144"
    "memorysetup-temp-allocator-size-gfx=262144"
Refreshing native plugins compatible for Editor in 84.50 ms, found 3 plugins.
Preloading 0 native plugins for Editor in 0.00 ms.
Initialize engine version: 2021.3.4f1 (cb45f9cae8b7)
[Subsystems] Discovering subsystems at path C:/Program Files/Unity/Hub/Editor/2021.3.4f1/Editor/Data/Resources/UnitySubsystems
[Subsystems] Discovering subsystems at path C:/Users/sonth/repos/1-remise-final-enfin/TP3/Assets
GfxDevice: creating device client; threaded=0; jobified=0
Direct3D:
    Version:  Direct3D 11.0 [level 11.1]
    Renderer: NVIDIA GeForce RTX 3060 Laptop GPU (ID=0x2560)
    Vendor:   NVIDIA
    VRAM:     6023 MB
    Driver:   30.0.15.1236
Initialize mono
Mono path[0] = 'C:/Program Files/Unity/Hub/Editor/2021.3.4f1/Editor/Data/Managed'
Mono path[1] = 'C:/Program Files/Unity/Hub/Editor/2021.3.4f1/Editor/Data/MonoBleedingEdge/lib/mono/unityjit-win32'
Mono config path = 'C:/Program Files/Unity/Hub/Editor/2021.3.4f1/Editor/Data/MonoBleedingEdge/etc'
Using monoOptions --debugger-agent=transport=dt_socket,embedding=1,server=y,suspend=n,address=127.0.0.1:56904
Begin MonoManager ReloadAssembly
Registering precompiled unity dll's ...
Register platform support module: C:/Program Files/Unity/Hub/Editor/2021.3.4f1/Editor/Data/PlaybackEngines/WindowsStandaloneSupport/UnityEditor.WindowsStandalone.Extensions.dll
Registered in 0.003504 seconds.
Native extension for WindowsStandalone target not found
Refreshing native plugins compatible for Editor in 69.37 ms, found 3 plugins.
Preloading 0 native plugins for Editor in 0.00 ms.
Mono: successfully reloaded assembly
- Completed reload, in  0.569 seconds
Domain Reload Profiling:
	ReloadAssembly (570ms)
		BeginReloadAssembly (71ms)
			ExecutionOrderSort (0ms)
			DisableScriptedObjects (0ms)
			BackupInstance (0ms)
			ReleaseScriptingObjects (0ms)
			CreateAndSetChildDomain (1ms)
		EndReloadAssembly (410ms)
			LoadAssemblies (69ms)
			RebuildTransferFunctionScriptingTraits (0ms)
			SetupTypeCache (94ms)
			ReleaseScriptCaches (0ms)
			RebuildScriptCaches (25ms)
			SetupLoadedEditorAssemblies (249ms)
				LogAssemblyErrors (0ms)
				InitializePlatformSupportModulesInManaged (6ms)
				SetLoadedEditorAssemblies (0ms)
				RefreshPlugins (69ms)
				BeforeProcessingInitializeOnLoad (1ms)
				ProcessInitializeOnLoadAttributes (126ms)
				ProcessInitializeOnLoadMethodAttributes (46ms)
				AfterProcessingInitializeOnLoad (0ms)
				EditorAssembliesLoaded (0ms)
			ExecutionOrderSort2 (0ms)
			AwakeInstancesAfterBackupRestoration (0ms)
Platform modules already initialized, skipping
Registering precompiled user dll's ...
Registered in 0.004190 seconds.
Begin MonoManager ReloadAssembly
Symbol file LoadedFromMemory doesn't match image C:\Users\sonth\repos\1-remise-final-enfin\TP3\Library\PackageCache\com.unity.visualscripting@1.7.8\Editor\VisualScripting.Core\Dependencies\YamlDotNet\Unity.VisualScripting.YamlDotNet.dll
Symbol file LoadedFromMemory doesn't match image C:\Users\sonth\repos\1-remise-final-enfin\TP3\Library\PackageCache\com.unity.visualscripting@1.7.8\Editor\VisualScripting.Core\Dependencies\DotNetZip\Unity.VisualScripting.IonicZip.dll
Native extension for WindowsStandalone target not found
Refreshing native plugins compatible for Editor in 0.63 ms, found 3 plugins.
Preloading 0 native plugins for Editor in 0.00 ms.
Mono: successfully reloaded assembly
- Completed reload, in  0.851 seconds
Domain Reload Profiling:
	ReloadAssembly (852ms)
		BeginReloadAssembly (102ms)
			ExecutionOrderSort (0ms)
			DisableScriptedObjects (4ms)
			BackupInstance (0ms)
			ReleaseScriptingObjects (0ms)
			CreateAndSetChildDomain (23ms)
		EndReloadAssembly (656ms)
			LoadAssemblies (72ms)
			RebuildTransferFunctionScriptingTraits (0ms)
			SetupTypeCache (181ms)
			ReleaseScriptCaches (1ms)
			RebuildScriptCaches (42ms)
			SetupLoadedEditorAssemblies (327ms)
				LogAssemblyErrors (0ms)
				InitializePlatformSupportModulesInManaged (4ms)
				SetLoadedEditorAssemblies (0ms)
				RefreshPlugins (1ms)
				BeforeProcessingInitializeOnLoad (68ms)
				ProcessInitializeOnLoadAttributes (224ms)
				ProcessInitializeOnLoadMethodAttributes (23ms)
				AfterProcessingInitializeOnLoad (5ms)
				EditorAssembliesLoaded (0ms)
			ExecutionOrderSort2 (0ms)
			AwakeInstancesAfterBackupRestoration (5ms)
Platform modules already initialized, skipping
========================================================================
Worker process is ready to serve import requests
Launched and connected shader compiler UnityShaderCompiler.exe after 0.07 seconds
Refreshing native plugins compatible for Editor in 0.59 ms, found 3 plugins.
Preloading 0 native plugins for Editor in 0.00 ms.
Unloading 3370 Unused Serialized files (Serialized files now loaded: 0)
Unloading 24 unused Assets / (55.5 KB). Loaded Objects now: 3835.
Memory consumption went from 117.0 MB to 117.0 MB.
Total: 3.386800 ms (FindLiveObjects: 0.281900 ms CreateObjectMapping: 0.208400 ms MarkObjects: 2.812300 ms  DeleteObjects: 0.083300 ms)

AssetImportParameters requested are different than current active one (requested -> active):
  custom:video-decoder-ogg-theora: a1e56fd34408186e4bbccfd4996cb3dc -> 
  custom:container-muxer-webm: aa71ff27fc2769a1b78a27578f13a17b -> 
  custom:container-demuxer-webm: 4f35f7cbe854078d1ac9338744f61a02 -> 
  custom:video-encoder-webm-vp8: eb34c28f22e8b96e1ab97ce403110664 -> 
  custom:video-codec-MediaFoundation-h265: 746d11721c4dcdbdad8f713fa42b33f4 -> 
  custom:audio-encoder-webm-vorbis: bf7c407c2cedff20999df2af8eb42d56 -> 
  custom:framework-win-MediaFoundation: 216162199b28c13a410421893ffa2e32 -> 
  custom:container-demuxer-ogg: 62fdf1f143b41e24485cea50d1cbac27 -> 
  custom:video-decoder-webm-vp8: 9c59270c3fd7afecdb556c50c9e8de78 -> 
  custom:audio-decoder-ogg-vorbis: bf7c407c2cedff20999df2af8eb42d56 -> 
========================================================================
Received Import Request.
  Time since last request: 81185.226611 seconds.
  path: Assets/Sounds/dash_reset_respawn_sound.wav
  artifactKey: Guid(70a650eb385f3d04889428ac9dc73cea) Importer(815301076,1909f56bfc062723c751e8b465ee728b)
Start importing Assets/Sounds/dash_reset_respawn_sound.wav using Guid(70a650eb385f3d04889428ac9dc73cea) Importer(815301076,1909f56bfc062723c751e8b465ee728b)  -> (artifact id: '4d67f099a760ae2123f34fb4953afeac') in 0.160731 seconds 
========================================================================
Received Import Request.
  Time since last request: 2.272746 seconds.
  path: Assets/Sounds/checkpoint_sound.ogg
  artifactKey: Guid(7e0c3440bbbadc742a1f704d1716e43b) Importer(815301076,1909f56bfc062723c751e8b465ee728b)
Start importing Assets/Sounds/checkpoint_sound.ogg using Guid(7e0c3440bbbadc742a1f704d1716e43b) Importer(815301076,1909f56bfc062723c751e8b465ee728b)  -> (artifact id: '0dd70f237e3b09028125eec5a68b6ffa') in 0.019415 seconds 
========================================================================
Received Import Request.
  Time since last request: 0.000034 seconds.
  path: Assets/Sounds/Moving_Platforms_Room_1_Loop_01.ogg
  artifactKey: Guid(14b5478d91642114eb9016433345ed6e) Importer(815301076,1909f56bfc062723c751e8b465ee728b)
Start importing Assets/Sounds/Moving_Platforms_Room_1_Loop_01.ogg using Guid(14b5478d91642114eb9016433345ed6e) Importer(815301076,1909f56bfc062723c751e8b465ee728b)  -> (artifact id: '34ba3a05b089017dd4aaa4fae9994559') in 0.015880 seconds 
========================================================================
Received Import Request.
  Time since last request: 0.000026 seconds.
  path: Assets/Sounds/Coins 12.wav
  artifactKey: Guid(aa9346062803e1d469cc33a43073e371) Importer(815301076,1909f56bfc062723c751e8b465ee728b)
Start importing Assets/Sounds/Coins 12.wav using Guid(aa9346062803e1d469cc33a43073e371) Importer(815301076,1909f56bfc062723c751e8b465ee728b)  -> (artifact id: '4122d09875ab0b7e3f3e0ffa938546e5') in 0.016298 seconds 
========================================================================
Received Import Request.
  Time since last request: 0.000034 seconds.
  path: Assets/Sounds/grass_walk_05.wav
  artifactKey: Guid(eeb27bc4369b33b40ac6b966f75cdb7a) Importer(815301076,1909f56bfc062723c751e8b465ee728b)
Start importing Assets/Sounds/grass_walk_05.wav using Guid(eeb27bc4369b33b40ac6b966f75cdb7a) Importer(815301076,1909f56bfc062723c751e8b465ee728b)  -> (artifact id: '7c70bd8a126b7a195f97512547544828') in 0.015925 seconds 
========================================================================
Received Import Request.
  Time since last request: 0.000024 seconds.
  path: Assets/Sounds/healing_sound.wav
  artifactKey: Guid(43eeff1ebe3c4b54bbc07594f49909a5) Importer(815301076,1909f56bfc062723c751e8b465ee728b)
Start importing Assets/Sounds/healing_sound.wav using Guid(43eeff1ebe3c4b54bbc07594f49909a5) Importer(815301076,1909f56bfc062723c751e8b465ee728b)  -> (artifact id: '9e05b84da0c6d9c0a88b7646d2125644') in 0.014839 seconds 
========================================================================
Received Import Request.
  Time since last request: 0.000019 seconds.
  path: Assets/Sounds/respawn_sound.ogg
  artifactKey: Guid(e9d6d20ee4ccd5545ad43b13b153b24a) Importer(815301076,1909f56bfc062723c751e8b465ee728b)
Start importing Assets/Sounds/respawn_sound.ogg using Guid(e9d6d20ee4ccd5545ad43b13b153b24a) Importer(815301076,1909f56bfc062723c751e8b465ee728b)  -> (artifact id: '1f90423d7868d3fa56445bcffe300b37') in 0.017734 seconds 
========================================================================
Received Import Request.
  Time since last request: 0.000023 seconds.
  path: Assets/Sounds/Death1.wav
  artifactKey: Guid(838cf03cd20c8a44991a52fa333d20c9) Importer(815301076,1909f56bfc062723c751e8b465ee728b)
Start importing Assets/Sounds/Death1.wav using Guid(838cf03cd20c8a44991a52fa333d20c9) Importer(815301076,1909f56bfc062723c751e8b465ee728b)  -> (artifact id: 'c5c3f7ef52b4ebfc0a0542d9db6ea3ed') in 0.021091 seconds 
========================================================================
Received Import Request.
  Time since last request: 0.000036 seconds.
  path: Assets/Sounds/Moving_Platforms_Room_3_Loop_02.ogg
  artifactKey: Guid(366d1af9d48190448a427a538332056b) Importer(815301076,1909f56bfc062723c751e8b465ee728b)
Start importing Assets/Sounds/Moving_Platforms_Room_3_Loop_02.ogg using Guid(366d1af9d48190448a427a538332056b) Importer(815301076,1909f56bfc062723c751e8b465ee728b)  -> (artifact id: 'cbd21cc7e22dd4f608efd4325af7beb0') in 0.016868 seconds 
========================================================================
Received Import Request.
  Time since last request: 0.000055 seconds.
  path: Assets/Sounds/Kick.wav
  artifactKey: Guid(8d3ca195e63cb61418ccf29b5d0237fc) Importer(815301076,1909f56bfc062723c751e8b465ee728b)
Start importing Assets/Sounds/Kick.wav using Guid(8d3ca195e63cb61418ccf29b5d0237fc) Importer(815301076,1909f56bfc062723c751e8b465ee728b)  -> (artifact id: '2b55de80d65800ae98ef5819ea25b118') in 0.017885 seconds 
========================================================================
Received Import Request.
  Time since last request: 0.000032 seconds.
  path: Assets/Sounds/Shield5.wav
  artifactKey: Guid(a0a7fe1267d63594cbe4967dab05d19e) Importer(815301076,1909f56bfc062723c751e8b465ee728b)
Start importing Assets/Sounds/Shield5.wav using Guid(a0a7fe1267d63594cbe4967dab05d19e) Importer(815301076,1909f56bfc062723c751e8b465ee728b)  -> (artifact id: 'a892adce80293c1ae598b467ff911a3c') in 0.019706 seconds 
========================================================================
Received Import Request.
  Time since last request: 0.000034 seconds.
  path: Assets/Sounds/Shield3.wav
  artifactKey: Guid(fa4fb120cfbc9e34bbde34b9f611a71c) Importer(815301076,1909f56bfc062723c751e8b465ee728b)
Start importing Assets/Sounds/Shield3.wav using Guid(fa4fb120cfbc9e34bbde34b9f611a71c) Importer(815301076,1909f56bfc062723c751e8b465ee728b)  -> (artifact id: '20976b4fe71e1ef1208e119a0880d0c5') in 0.017032 seconds 
========================================================================
Received Import Request.
  Time since last request: 0.000034 seconds.
  path: Assets/Sounds/Shield2.wav
  artifactKey: Guid(5f4fb0aedf77fe3429256f406b8636a5) Importer(815301076,1909f56bfc062723c751e8b465ee728b)
Start importing Assets/Sounds/Shield2.wav using Guid(5f4fb0aedf77fe3429256f406b8636a5) Importer(815301076,1909f56bfc062723c751e8b465ee728b)  -> (artifact id: '7f0e880622bd85f1e64de8212fe31dee') in 0.015811 seconds 
========================================================================
Received Import Request.
  Time since last request: 0.000034 seconds.
  path: Assets/Sounds/Moving_Platforms_Room_2_One_Shot_01.ogg
  artifactKey: Guid(2bac7677a443cc74ebe413e9418099ce) Importer(815301076,1909f56bfc062723c751e8b465ee728b)
Start importing Assets/Sounds/Moving_Platforms_Room_2_One_Shot_01.ogg using Guid(2bac7677a443cc74ebe413e9418099ce) Importer(815301076,1909f56bfc062723c751e8b465ee728b)  -> (artifact id: '4c6ff7529ad3d97f067a3e7b8ab1cf46') in 0.015970 seconds 
========================================================================
Received Import Request.
  Time since last request: 0.000031 seconds.
  path: Assets/Sounds/fire_sound.wav
  artifactKey: Guid(4b3639a324e7c5f48a8809db6f2590f9) Importer(815301076,1909f56bfc062723c751e8b465ee728b)
Start importing Assets/Sounds/fire_sound.wav using Guid(4b3639a324e7c5f48a8809db6f2590f9) Importer(815301076,1909f56bfc062723c751e8b465ee728b)  -> (artifact id: 'ebdb8d4aae1fd33a6123d02efde9c867') in 0.019802 seconds 
========================================================================
Received Import Request.
  Time since last request: 0.000029 seconds.
  path: Assets/Sounds/Cling2.wav
  artifactKey: Guid(ee0f886f8ea08764ea80d68c7f4518b6) Importer(815301076,1909f56bfc062723c751e8b465ee728b)
Start importing Assets/Sounds/Cling2.wav using Guid(ee0f886f8ea08764ea80d68c7f4518b6) Importer(815301076,1909f56bfc062723c751e8b465ee728b)  -> (artifact id: '0c61e64633b1a5178eefc7fd03e21f0d') in 0.017857 seconds 
========================================================================
Received Import Request.
  Time since last request: 0.000027 seconds.
  path: Assets/Sounds/Moving_Platforms_Room_3_Loop_01.ogg
  artifactKey: Guid(2036356820d12df408fcbe894cafe998) Importer(815301076,1909f56bfc062723c751e8b465ee728b)
Start importing Assets/Sounds/Moving_Platforms_Room_3_Loop_01.ogg using Guid(2036356820d12df408fcbe894cafe998) Importer(815301076,1909f56bfc062723c751e8b465ee728b)  -> (artifact id: 'fbb1398e755b9dbd0d83ec7071325dc6') in 0.017938 seconds 
========================================================================
Received Import Request.
  Time since last request: 0.000035 seconds.
  path: Assets/Sounds/Items_Coins_Grab_01.wav
  artifactKey: Guid(3f34c56441bda5e41881bbc217b01950) Importer(815301076,1909f56bfc062723c751e8b465ee728b)
Start importing Assets/Sounds/Items_Coins_Grab_01.wav using Guid(3f34c56441bda5e41881bbc217b01950) Importer(815301076,1909f56bfc062723c751e8b465ee728b)  -> (artifact id: '1e9fd2b83edab5d5c49efb99a246e771') in 0.016566 seconds 
Editor requested this worker to shutdown with reason: Scaling down because of idle timeout
AssetImportWorker is now disconnected from the server
Process exiting
Exiting without the bug reporter. Application will terminate with return code 0